loading dataset 180 part 0
 Loaded data set.
Processing run 956, 0 entries saved so far
Processing run 957, 262114 entries saved so far
Processing run 958, 526879 entries saved so far
Processing run 959, 789497 entries saved so far
Processing run 960, 1051890 entries saved so far
Processing run 961, 1314851 entries saved so far
Error in <TFile::TFile>: file /projecta/projectdirs/majorana/data-projecta/TUBE/data/gatified/mjd_run962.root does not exist
Processing run 963, 1576862 entries saved so far
Processing run 964, 1839277 entries saved so far
Error in <TFile::TFile>: file /projecta/projectdirs/majorana/data-projecta/TUBE/data/gatified/mjd_run965.root does not exist
Processing run 966, 2101951 entries saved so far
Processing run 967, 2364531 entries saved so far
Processing run 968, 2627538 entries saved so far
Processing run 969, 2890510 entries saved so far
Processing run 970, 3154030 entries saved so far
Processing run 971, 3417347 entries saved so far
Processing run 972, 3680395 entries saved so far
Processing run 973, 3944004 entries saved so far
Error in <TFile::TFile>: file /projecta/projectdirs/majorana/data-projecta/TUBE/data/gatified/mjd_run974.root does not exist
Processing run 975, 4207655 entries saved so far
Processing run 976, 4471116 entries saved so far
Error in <TFile::TFile>: file /projecta/projectdirs/majorana/data-projecta/TUBE/data/gatified/mjd_run977.root does not exist
Processing run 978, 4733907 entries saved so far
Processing run 979, 4997516 entries saved so far
Processing run 980, 5259494 entries saved so far
Processing run 981, 5522084 entries saved so far
Processing run 982, 5784547 entries saved so far
Processing run 983, 6045994 entries saved so far
Processing run 984, 6308156 entries saved so far
Processing run 985, 6570247 entries saved so far
Processing run 986, 6832077 entries saved so far
Processing run 987, 7094441 entries saved so far
Processing run 988, 7355529 entries saved so far
Processing run 989, 7616872 entries saved so far
Processing run 990, 7878440 entries saved so far
Processing run 991, 8139082 entries saved so far
Processing run 992, 8400522 entries saved so far
Processing run 993, 8661466 entries saved so far
Processing run 994, 8922290 entries saved so far
Processing run 995, 9183714 entries saved so far
Processing run 996, 9444411 entries saved so far
Processing run 997, 9706092 entries saved so far
Processing run 998, 9966713 entries saved so far
Processing run 999, 10227563 entries saved so far
Processing run 1000, 10488116 entries saved so far
Processing run 1001, 10748393 entries saved so far
Processing run 1002, 11009055 entries saved so far
Processing run 1003, 11269174 entries saved so far
Closing out skim file...
